2021-06-17T13:18:07+00:00 ERR (3): Omeka\Api\Exception\NotFoundException: Omeka\Entity\Item entity with criteria {"id":"2}"} not found in /Users/ruiwang/Sites/omeka-s-v210/application/src/Api/Adapter/AbstractEntityAdapter.php:627
Stack trace:
#0 /Users/ruiwang/Sites/omeka-s-v210/application/src/Api/Adapter/AbstractEntityAdapter.php(354): Omeka\Api\Adapter\AbstractEntityAdapter->findEntity(Array, Object(Omeka\Api\Request))
#1 /Users/ruiwang/Sites/omeka-s-v210/application/src/Api/Manager.php(230): Omeka\Api\Adapter\AbstractEntityAdapter->read(Object(Omeka\Api\Request))
#2 /Users/ruiwang/Sites/omeka-s-v210/application/src/Api/Manager.php(115): Omeka\Api\Manager->execute(Object(Omeka\Api\Request))
#3 /Users/ruiwang/Sites/omeka-s-v210/application/src/Controller/ApiController.php(52): Omeka\Api\Manager->read('items', '2}')
#4 /Users/ruiwang/Sites/omeka-s-v210/vendor/zendframework/zend-mvc/src/Controller/AbstractRestfulController.php(379): Omeka\Controller\ApiController->get('2}')
#5 /Users/ruiwang/Sites/omeka-s-v210/application/src/Controller/ApiController.php(145): Zend\Mvc\Controller\AbstractRestfulController->onDispatch(Object(Zend\Mvc\MvcEvent))
#6 /Users/ruiwang/Sites/omeka-s-v210/vendor/zendframework/zend-eventmanager/src/EventManager.php(322): Omeka\Controller\ApiController->onDispatch(Object(Zend\Mvc\MvcEvent))
#7 /Users/ruiwang/Sites/omeka-s-v210/vendor/zendframework/zend-eventmanager/src/EventManager.php(179): Zend\EventManager\EventManager->triggerListeners(Object(Zend\Mvc\MvcEvent), Object(Closure))
#8 /Users/ruiwang/Sites/omeka-s-v210/vendor/zendframework/zend-mvc/src/Controller/AbstractController.php(104): Zend\EventManager\EventManager->triggerEventUntil(Object(Closure), Object(Zend\Mvc\MvcEvent))
#9 /Users/ruiwang/Sites/omeka-s-v210/vendor/zendframework/zend-mvc/src/Controller/AbstractRestfulController.php(313): Zend\Mvc\Controller\AbstractController->dispatch(Object(Zend\Http\PhpEnvironment\Request), Object(Zend\Http\PhpEnvironment\Response))
#10 /Users/ruiwang/Sites/omeka-s-v210/vendor/zendframework/zend-mvc/src/DispatchListener.php(138): Zend\Mvc\Controller\AbstractRestfulController->dispatch(Object(Zend\Http\PhpEnvironment\Request), Object(Zend\Http\PhpEnvironment\Response))
#11 /Users/ruiwang/Sites/omeka-s-v210/vendor/zendframework/zend-eventmanager/src/EventManager.php(322): Zend\Mvc\DispatchListener->onDispatch(Object(Zend\Mvc\MvcEvent))
#12 /Users/ruiwang/Sites/omeka-s-v210/vendor/zendframework/zend-eventmanager/src/EventManager.php(179): Zend\EventManager\EventManager->triggerListeners(Object(Zend\Mvc\MvcEvent), Object(Closure))
#13 /Users/ruiwang/Sites/omeka-s-v210/vendor/zendframework/zend-mvc/src/Application.php(332): Zend\EventManager\EventManager->triggerEventUntil(Object(Closure), Object(Zend\Mvc\MvcEvent))
#14 /Users/ruiwang/Sites/omeka-s-v210/index.php(21): Zend\Mvc\Application->run()
#15 {main}
2021-06-17T13:18:25+00:00 ERR (3): Omeka\Api\Exception\NotFoundException: Omeka\Entity\Item entity with criteria {"id":"2}"} not found in /Users/ruiwang/Sites/omeka-s-v210/application/src/Api/Adapter/AbstractEntityAdapter.php:627
Stack trace:
#0 /Users/ruiwang/Sites/omeka-s-v210/application/src/Api/Adapter/AbstractEntityAdapter.php(354): Omeka\Api\Adapter\AbstractEntityAdapter->findEntity(Array, Object(Omeka\Api\Request))
#1 /Users/ruiwang/Sites/omeka-s-v210/application/src/Api/Manager.php(230): Omeka\Api\Adapter\AbstractEntityAdapter->read(Object(Omeka\Api\Request))
#2 /Users/ruiwang/Sites/omeka-s-v210/application/src/Api/Manager.php(115): Omeka\Api\Manager->execute(Object(Omeka\Api\Request))
#3 /Users/ruiwang/Sites/omeka-s-v210/application/src/Controller/ApiController.php(52): Omeka\Api\Manager->read('items', '2}')
#4 /Users/ruiwang/Sites/omeka-s-v210/vendor/zendframework/zend-mvc/src/Controller/AbstractRestfulController.php(379): Omeka\Controller\ApiController->get('2}')
#5 /Users/ruiwang/Sites/omeka-s-v210/application/src/Controller/ApiController.php(145): Zend\Mvc\Controller\AbstractRestfulController->onDispatch(Object(Zend\Mvc\MvcEvent))
#6 /Users/ruiwang/Sites/omeka-s-v210/vendor/zendframework/zend-eventmanager/src/EventManager.php(322): Omeka\Controller\ApiController->onDispatch(Object(Zend\Mvc\MvcEvent))
#7 /Users/ruiwang/Sites/omeka-s-v210/vendor/zendframework/zend-eventmanager/src/EventManager.php(179): Zend\EventManager\EventManager->triggerListeners(Object(Zend\Mvc\MvcEvent), Object(Closure))
#8 /Users/ruiwang/Sites/omeka-s-v210/vendor/zendframework/zend-mvc/src/Controller/AbstractController.php(104): Zend\EventManager\EventManager->triggerEventUntil(Object(Closure), Object(Zend\Mvc\MvcEvent))
#9 /Users/ruiwang/Sites/omeka-s-v210/vendor/zendframework/zend-mvc/src/Controller/AbstractRestfulController.php(313): Zend\Mvc\Controller\AbstractController->dispatch(Object(Zend\Http\PhpEnvironment\Request), Object(Zend\Http\PhpEnvironment\Response))
#10 /Users/ruiwang/Sites/omeka-s-v210/vendor/zendframework/zend-mvc/src/DispatchListener.php(138): Zend\Mvc\Controller\AbstractRestfulController->dispatch(Object(Zend\Http\PhpEnvironment\Request), Object(Zend\Http\PhpEnvironment\Response))
#11 /Users/ruiwang/Sites/omeka-s-v210/vendor/zendframework/zend-eventmanager/src/EventManager.php(322): Zend\Mvc\DispatchListener->onDispatch(Object(Zend\Mvc\MvcEvent))
#12 /Users/ruiwang/Sites/omeka-s-v210/vendor/zendframework/zend-eventmanager/src/EventManager.php(179): Zend\EventManager\EventManager->triggerListeners(Object(Zend\Mvc\MvcEvent), Object(Closure))
#13 /Users/ruiwang/Sites/omeka-s-v210/vendor/zendframework/zend-mvc/src/Application.php(332): Zend\EventManager\EventManager->triggerEventUntil(Object(Closure), Object(Zend\Mvc\MvcEvent))
#14 /Users/ruiwang/Sites/omeka-s-v210/index.php(21): Zend\Mvc\Application->run()
#15 {main}
2021-06-17T13:27:24+00:00 ERR (3): Omeka\Api\Exception\NotFoundException: Omeka\Entity\Item entity with criteria {"id":"2}"} not found in /Users/ruiwang/Sites/omeka-s-v210/application/src/Api/Adapter/AbstractEntityAdapter.php:627
Stack trace:
#0 /Users/ruiwang/Sites/omeka-s-v210/application/src/Api/Adapter/AbstractEntityAdapter.php(354): Omeka\Api\Adapter\AbstractEntityAdapter->findEntity(Array, Object(Omeka\Api\Request))
#1 /Users/ruiwang/Sites/omeka-s-v210/application/src/Api/Manager.php(230): Omeka\Api\Adapter\AbstractEntityAdapter->read(Object(Omeka\Api\Request))
#2 /Users/ruiwang/Sites/omeka-s-v210/application/src/Api/Manager.php(115): Omeka\Api\Manager->execute(Object(Omeka\Api\Request))
#3 /Users/ruiwang/Sites/omeka-s-v210/application/src/Controller/ApiController.php(52): Omeka\Api\Manager->read('items', '2}')
#4 /Users/ruiwang/Sites/omeka-s-v210/vendor/zendframework/zend-mvc/src/Controller/AbstractRestfulController.php(379): Omeka\Controller\ApiController->get('2}')
#5 /Users/ruiwang/Sites/omeka-s-v210/application/src/Controller/ApiController.php(145): Zend\Mvc\Controller\AbstractRestfulController->onDispatch(Object(Zend\Mvc\MvcEvent))
#6 /Users/ruiwang/Sites/omeka-s-v210/vendor/zendframework/zend-eventmanager/src/EventManager.php(322): Omeka\Controller\ApiController->onDispatch(Object(Zend\Mvc\MvcEvent))
#7 /Users/ruiwang/Sites/omeka-s-v210/vendor/zendframework/zend-eventmanager/src/EventManager.php(179): Zend\EventManager\EventManager->triggerListeners(Object(Zend\Mvc\MvcEvent), Object(Closure))
#8 /Users/ruiwang/Sites/omeka-s-v210/vendor/zendframework/zend-mvc/src/Controller/AbstractController.php(104): Zend\EventManager\EventManager->triggerEventUntil(Object(Closure), Object(Zend\Mvc\MvcEvent))
#9 /Users/ruiwang/Sites/omeka-s-v210/vendor/zendframework/zend-mvc/src/Controller/AbstractRestfulController.php(313): Zend\Mvc\Controller\AbstractController->dispatch(Object(Zend\Http\PhpEnvironment\Request), Object(Zend\Http\PhpEnvironment\Response))
#10 /Users/ruiwang/Sites/omeka-s-v210/vendor/zendframework/zend-mvc/src/DispatchListener.php(138): Zend\Mvc\Controller\AbstractRestfulController->dispatch(Object(Zend\Http\PhpEnvironment\Request), Object(Zend\Http\PhpEnvironment\Response))
#11 /Users/ruiwang/Sites/omeka-s-v210/vendor/zendframework/zend-eventmanager/src/EventManager.php(322): Zend\Mvc\DispatchListener->onDispatch(Object(Zend\Mvc\MvcEvent))
#12 /Users/ruiwang/Sites/omeka-s-v210/vendor/zendframework/zend-eventmanager/src/EventManager.php(179): Zend\EventManager\EventManager->triggerListeners(Object(Zend\Mvc\MvcEvent), Object(Closure))
#13 /Users/ruiwang/Sites/omeka-s-v210/vendor/zendframework/zend-mvc/src/Application.php(332): Zend\EventManager\EventManager->triggerEventUntil(Object(Closure), Object(Zend\Mvc\MvcEvent))
#14 /Users/ruiwang/Sites/omeka-s-v210/index.php(21): Zend\Mvc\Application->run()
#15 {main}
2021-06-17T13:27:27+00:00 ERR (3): Omeka\Api\Exception\NotFoundException: Omeka\Entity\Item entity with criteria {"id":"2}"} not found in /Users/ruiwang/Sites/omeka-s-v210/application/src/Api/Adapter/AbstractEntityAdapter.php:627
Stack trace:
#0 /Users/ruiwang/Sites/omeka-s-v210/application/src/Api/Adapter/AbstractEntityAdapter.php(354): Omeka\Api\Adapter\AbstractEntityAdapter->findEntity(Array, Object(Omeka\Api\Request))
#1 /Users/ruiwang/Sites/omeka-s-v210/application/src/Api/Manager.php(230): Omeka\Api\Adapter\AbstractEntityAdapter->read(Object(Omeka\Api\Request))
#2 /Users/ruiwang/Sites/omeka-s-v210/application/src/Api/Manager.php(115): Omeka\Api\Manager->execute(Object(Omeka\Api\Request))
#3 /Users/ruiwang/Sites/omeka-s-v210/application/src/Controller/ApiController.php(52): Omeka\Api\Manager->read('items', '2}')
#4 /Users/ruiwang/Sites/omeka-s-v210/vendor/zendframework/zend-mvc/src/Controller/AbstractRestfulController.php(379): Omeka\Controller\ApiController->get('2}')
#5 /Users/ruiwang/Sites/omeka-s-v210/application/src/Controller/ApiController.php(145): Zend\Mvc\Controller\AbstractRestfulController->onDispatch(Object(Zend\Mvc\MvcEvent))
#6 /Users/ruiwang/Sites/omeka-s-v210/vendor/zendframework/zend-eventmanager/src/EventManager.php(322): Omeka\Controller\ApiController->onDispatch(Object(Zend\Mvc\MvcEvent))
#7 /Users/ruiwang/Sites/omeka-s-v210/vendor/zendframework/zend-eventmanager/src/EventManager.php(179): Zend\EventManager\EventManager->triggerListeners(Object(Zend\Mvc\MvcEvent), Object(Closure))
#8 /Users/ruiwang/Sites/omeka-s-v210/vendor/zendframework/zend-mvc/src/Controller/AbstractController.php(104): Zend\EventManager\EventManager->triggerEventUntil(Object(Closure), Object(Zend\Mvc\MvcEvent))
#9 /Users/ruiwang/Sites/omeka-s-v210/vendor/zendframework/zend-mvc/src/Controller/AbstractRestfulController.php(313): Zend\Mvc\Controller\AbstractController->dispatch(Object(Zend\Http\PhpEnvironment\Request), Object(Zend\Http\PhpEnvironment\Response))
#10 /Users/ruiwang/Sites/omeka-s-v210/vendor/zendframework/zend-mvc/src/DispatchListener.php(138): Zend\Mvc\Controller\AbstractRestfulController->dispatch(Object(Zend\Http\PhpEnvironment\Request), Object(Zend\Http\PhpEnvironment\Response))
#11 /Users/ruiwang/Sites/omeka-s-v210/vendor/zendframework/zend-eventmanager/src/EventManager.php(322): Zend\Mvc\DispatchListener->onDispatch(Object(Zend\Mvc\MvcEvent))
#12 /Users/ruiwang/Sites/omeka-s-v210/vendor/zendframework/zend-eventmanager/src/EventManager.php(179): Zend\EventManager\EventManager->triggerListeners(Object(Zend\Mvc\MvcEvent), Object(Closure))
#13 /Users/ruiwang/Sites/omeka-s-v210/vendor/zendframework/zend-mvc/src/Application.php(332): Zend\EventManager\EventManager->triggerEventUntil(Object(Closure), Object(Zend\Mvc\MvcEvent))
#14 /Users/ruiwang/Sites/omeka-s-v210/index.php(21): Zend\Mvc\Application->run()
#15 {main}
